<?xml version="1.0" encoding="utf-8"?>
<!--This file represents the results of running a test suite-->
<test-results name="Unity Tests" total="15" errors="0" failures="0" not-run="0" inconclusive="0" ignored="0" skipped="0" invalid="0" date="2017-01-21" time="12:11:07">
  <environment nunit-version="2.6.4-Unity" clr-version="2.0.50727.1433" os-version="Unix 15.3.0.0" platform="Unix" cwd="/Users/dthurn/Dropbox/dungeonstrike/DungeonStrike" machine-name="Multivac.local" user="dthurn" user-domain="Multivac.local" unity-version="5.5.0f3" unity-platform="OSXEditor" />
  <culture-info current-culture="en-US" current-uiculture="en-US" />
  <test-suite name="DungeonStrike" type="Assembly" executed="True" result="Success" success="True" time="0.355">
    <results>
      <test-case name="DungeonStrike.Tests.Editor.Core.DungeonStrikeBehaviorTests.TestGetService" executed="True" result="Success" success="True" time="0.015">
      </test-case>
      <test-case name="DungeonStrike.Tests.Editor.Core.DungeonStrikeBehaviorTests.TestServiceNotFound" executed="True" result="Success" success="True" time="0.002">
      </test-case>
      <test-case name="DungeonStrike.Tests.Editor.Core.EntityTests.TestInitializeEntity" executed="True" result="Success" success="True" time="0.002">
      </test-case>
      <test-case name="DungeonStrike.Tests.Editor.Core.MessageRouterTests.TestAlreadyHandlingMessage" executed="True" result="Success" success="True" time="0.212">
      </test-case>
      <test-case name="DungeonStrike.Tests.Editor.Core.MessageRouterTests.TestNoHandlerRegistered" executed="True" result="Success" success="True" time="0.001">
      </test-case>
      <test-case name="DungeonStrike.Tests.Editor.Core.MessageRouterTests.TestNullMessageType" executed="True" result="Success" success="True" time="0.001">
      </test-case>
      <test-case name="DungeonStrike.Tests.Editor.Core.MessageRouterTests.TestReceiveEntityMessage" executed="True" result="Success" success="True" time="0.037">
      </test-case>
      <test-case name="DungeonStrike.Tests.Editor.Core.MessageRouterTests.TestReceiveMessage" executed="True" result="Success" success="True" time="0.027">
      </test-case>
      <test-case name="DungeonStrike.Tests.Editor.Core.MessageRouterTests.TestTwoEntityIdHandlersRegistered" executed="True" result="Success" success="True" time="0.001">
      </test-case>
      <test-case name="DungeonStrike.Tests.Editor.Core.MessageRouterTests.TestTwoHandlersRegistered" executed="True" result="Success" success="True" time="0.001">
      </test-case>
      <test-case name="DungeonStrike.Tests.Editor.Messaging.MessageConverterTests.TestParseMessage" executed="True" result="Success" success="True" time="0.038">
      </test-case>
      <test-case name="DungeonStrike.Tests.Editor.Messaging.MessageConverterTests.TestRoundTripMessage" executed="True" result="Success" success="True" time="0.007">
      </test-case>
      <test-case name="DungeonStrike.Tests.Editor.Utilities.OptionalTests.TestDifferentEmptiesNotEqual" executed="True" result="Success" success="True" time="0.006">
      </test-case>
      <test-case name="DungeonStrike.Tests.Editor.Utilities.OptionalTests.TestOptional" executed="True" result="Success" success="True" time="0.004">
      </test-case>
      <test-case name="DungeonStrike.Tests.Editor.Utilities.OptionalTests.TestOptionalNoValueException" executed="True" result="Success" success="True" time="0.001">
      </test-case>
    </results>
  </test-suite>
</test-results>
